<?xml version="1.0" encoding="UTF-8"?>
<testng-results ignored="0" total="1" passed="1" failed="0" skipped="0">
  <reporter-output>
  </reporter-output>
  <suite started-at="2023-04-04T13:07:37 ICT" name="Default suite" finished-at="2023-04-04T13:07:42 ICT" duration-ms="5530">
    <groups>
    </groups>
    <test started-at="2023-04-04T13:07:37 ICT" name="Default test" finished-at="2023-04-04T13:07:42 ICT" duration-ms="5530">
      <class name="testCase.checkLabel">
        <test-method signature="TC_01()[pri:0, instance:testCase.checkLabel@4c12331b]" started-at="2023-04-04T13:07:37 ICT" name="TC_01" finished-at="2023-04-04T13:07:42 ICT" duration-ms="5508" status="PASS">
          <reporter-output>
          </reporter-output>
        </test-method> <!-- TC_01 -->
      </class> <!-- testCase.checkLabel -->
    </test> <!-- Default test -->
  </suite> <!-- Default suite -->
</testng-results>
